TN:
SF:src\js\api.js
FN:1,testSttApi
FN:25,testSummaryApi
FN:52,transcribeAudio
FN:170,(anonymous_3)
FN:184,blobToBase64
FN:185,(anonymous_5)
FN:187,(anonymous_6)
FN:197,generateSummary
FNF:8
FNH:0
FNDA:0,testSttApi
FNDA:0,testSummaryApi
FNDA:0,transcribeAudio
FNDA:0,(anonymous_3)
FNDA:0,blobToBase64
FNDA:0,(anonymous_5)
FNDA:0,(anonymous_6)
FNDA:0,generateSummary
DA:2,0
DA:3,0
DA:4,0
DA:5,0
DA:7,0
DA:15,0
DA:16,0
DA:18,0
DA:21,0
DA:26,0
DA:27,0
DA:42,0
DA:43,0
DA:45,0
DA:48,0
DA:53,0
DA:54,0
DA:57,0
DA:58,0
DA:59,0
DA:63,0
DA:64,0
DA:66,0
DA:78,0
DA:79,0
DA:87,0
DA:88,0
DA:90,0
DA:91,0
DA:92,0
DA:94,0
DA:95,0
DA:102,0
DA:103,0
DA:104,0
DA:105,0
DA:108,0
DA:109,0
DA:110,0
DA:112,0
DA:113,0
DA:121,0
DA:122,0
DA:123,0
DA:125,0
DA:126,0
DA:135,0
DA:137,0
DA:138,0
DA:139,0
DA:141,0
DA:142,0
DA:144,0
DA:146,0
DA:149,0
DA:150,0
DA:153,0
DA:154,0
DA:156,0
DA:157,0
DA:159,0
DA:160,0
DA:161,0
DA:162,0
DA:163,0
DA:165,0
DA:167,0
DA:168,0
DA:170,0
DA:171,0
DA:173,0
DA:176,0
DA:178,0
DA:179,0
DA:185,0
DA:186,0
DA:187,0
DA:189,0
DA:190,0
DA:192,0
DA:193,0
DA:198,0
DA:199,0
DA:209,0
DA:225,0
DA:226,0
DA:227,0
DA:230,0
DA:231,0
DA:232,0
DA:234,0
DA:235,0
LF:92
LH:0
BRDA:1,0,0,0
BRDA:15,1,0,0
BRDA:15,1,1,0
BRDA:15,2,0,0
BRDA:15,2,1,0
BRDA:25,3,0,0
BRDA:42,4,0,0
BRDA:42,4,1,0
BRDA:42,5,0,0
BRDA:42,5,1,0
BRDA:52,6,0,0
BRDA:57,7,0,0
BRDA:57,7,1,0
BRDA:58,8,0,0
BRDA:58,8,1,0
BRDA:59,9,0,0
BRDA:59,9,1,0
BRDA:63,10,0,0
BRDA:63,10,1,0
BRDA:87,11,0,0
BRDA:87,11,1,0
BRDA:92,12,0,0
BRDA:92,12,1,0
BRDA:102,13,0,0
BRDA:102,13,1,0
BRDA:104,14,0,0
BRDA:104,14,1,0
BRDA:110,15,0,0
BRDA:110,15,1,0
BRDA:137,16,0,0
BRDA:137,16,1,0
BRDA:146,17,0,0
BRDA:146,17,1,0
BRDA:146,17,2,0
BRDA:154,18,0,0
BRDA:154,18,1,0
BRDA:157,19,0,0
BRDA:157,19,1,0
BRDA:157,20,0,0
BRDA:157,20,1,0
BRDA:157,20,2,0
BRDA:160,21,0,0
BRDA:160,21,1,0
BRDA:162,22,0,0
BRDA:162,22,1,0
BRDA:162,23,0,0
BRDA:162,23,1,0
BRDA:165,24,0,0
BRDA:165,24,1,0
BRDA:165,25,0,0
BRDA:165,25,1,0
BRDA:168,26,0,0
BRDA:168,26,1,0
BRDA:168,27,0,0
BRDA:168,27,1,0
BRDA:171,28,0,0
BRDA:171,28,1,0
BRDA:171,29,0,0
BRDA:171,29,1,0
BRDA:173,30,0,0
BRDA:173,30,1,0
BRDA:197,31,0,0
BRDA:225,32,0,0
BRDA:225,32,1,0
BRDA:227,33,0,0
BRDA:227,33,1,0
BRF:66
BRH:0
end_of_record
TN:
SF:src\js\app.js
FN:4,initApp
FN:60,setupEventListeners
FN:78,showMain
FN:82,showSettings
FN:86,showHistory
FN:92,loadMeetings
FN:96,loadHistoryList
FN:99,(anonymous_7)
FN:107,handleStartRecording
FN:118,handlePauseRecording
FN:129,handleResumeRecording
FN:140,handleStopRecording
FN:155,processRecording
FN:187,generateMeetingSummary
FN:211,saveMeetingRecord
FN:230,handleCopySubtitle
FN:239,handleCopySummary
FN:248,handleTestSttApi
FN:273,handleTestSummaryApi
FN:298,handleSaveTemplate
FN:316,viewMeetingDetail
FN:332,deleteMeeting
FN:347,copyTranscript
FN:361,copySummary
FN:375,downloadAudio
FNF:25
FNH:0
FNDA:0,initApp
FNDA:0,setupEventListeners
FNDA:0,showMain
FNDA:0,showSettings
FNDA:0,showHistory
FNDA:0,loadMeetings
FNDA:0,loadHistoryList
FNDA:0,(anonymous_7)
FNDA:0,handleStartRecording
FNDA:0,handlePauseRecording
FNDA:0,handleResumeRecording
FNDA:0,handleStopRecording
FNDA:0,processRecording
FNDA:0,generateMeetingSummary
FNDA:0,saveMeetingRecord
FNDA:0,handleCopySubtitle
FNDA:0,handleCopySummary
FNDA:0,handleTestSttApi
FNDA:0,handleTestSummaryApi
FNDA:0,handleSaveTemplate
FNDA:0,viewMeetingDetail
FNDA:0,deleteMeeting
FNDA:0,copyTranscript
FNDA:0,copySummary
FNDA:0,downloadAudio
DA:1,0
DA:2,0
DA:5,0
DA:6,0
DA:9,0
DA:10,0
DA:14,0
DA:15,0
DA:16,0
DA:17,0
DA:18,0
DA:21,0
DA:24,0
DA:27,0
DA:28,0
DA:37,0
DA:40,0
DA:41,0
DA:45,0
DA:46,0
DA:49,0
DA:51,0
DA:53,0
DA:55,0
DA:56,0
DA:62,0
DA:63,0
DA:64,0
DA:65,0
DA:68,0
DA:69,0
DA:72,0
DA:73,0
DA:74,0
DA:79,0
DA:83,0
DA:87,0
DA:88,0
DA:93,0
DA:97,0
DA:98,0
DA:99,0
DA:100,0
DA:102,0
DA:103,0
DA:108,0
DA:109,0
DA:110,0
DA:111,0
DA:113,0
DA:114,0
DA:119,0
DA:120,0
DA:121,0
DA:122,0
DA:124,0
DA:125,0
DA:130,0
DA:131,0
DA:132,0
DA:133,0
DA:135,0
DA:136,0
DA:141,0
DA:142,0
DA:143,0
DA:145,0
DA:146,0
DA:147,0
DA:150,0
DA:151,0
DA:156,0
DA:157,0
DA:159,0
DA:160,0
DA:161,0
DA:162,0
DA:165,0
DA:166,0
DA:168,0
DA:170,0
DA:172,0
DA:173,0
DA:174,0
DA:177,0
DA:178,0
DA:180,0
DA:182,0
DA:183,0
DA:188,0
DA:189,0
DA:190,0
DA:191,0
DA:194,0
DA:196,0
DA:197,0
DA:198,0
DA:201,0
DA:202,0
DA:204,0
DA:206,0
DA:207,0
DA:212,0
DA:213,0
DA:222,0
DA:223,0
DA:225,0
DA:226,0
DA:231,0
DA:232,0
DA:233,0
DA:235,0
DA:240,0
DA:241,0
DA:242,0
DA:244,0
DA:249,0
DA:250,0
DA:251,0
DA:253,0
DA:254,0
DA:255,0
DA:258,0
DA:259,0
DA:261,0
DA:263,0
DA:264,0
DA:265,0
DA:266,0
DA:267,0
DA:269,0
DA:274,0
DA:275,0
DA:276,0
DA:278,0
DA:279,0
DA:280,0
DA:283,0
DA:284,0
DA:286,0
DA:288,0
DA:289,0
DA:290,0
DA:291,0
DA:292,0
DA:294,0
DA:299,0
DA:300,0
DA:301,0
DA:302,0
DA:305,0
DA:306,0
DA:309,0
DA:311,0
DA:312,0
DA:317,0
DA:318,0
DA:319,0
DA:320,0
DA:321,0
DA:322,0
DA:324,0
DA:327,0
DA:328,0
DA:333,0
DA:334,0
DA:337,0
DA:338,0
DA:339,0
DA:340,0
DA:342,0
DA:343,0
DA:348,0
DA:349,0
DA:350,0
DA:351,0
DA:353,0
DA:356,0
DA:357,0
DA:362,0
DA:363,0
DA:364,0
DA:365,0
DA:367,0
DA:370,0
DA:371,0
DA:376,0
DA:377,0
DA:378,0
DA:379,0
DA:380,0
DA:381,0
DA:382,0
DA:383,0
DA:384,0
DA:385,0
DA:386,0
DA:387,0
DA:389,0
DA:392,0
DA:393,0
DA:397,0
LF:202
LH:0
BRDA:9,0,0,0
BRDA:9,0,1,0
BRDA:14,1,0,0
BRDA:14,1,1,0
BRDA:14,2,0,0
BRDA:14,2,1,0
BRDA:16,3,0,0
BRDA:16,3,1,0
BRDA:16,4,0,0
BRDA:16,4,1,0
BRDA:27,5,0,0
BRDA:27,5,1,0
BRDA:40,6,0,0
BRDA:40,6,1,0
BRDA:40,7,0,0
BRDA:40,7,1,0
BRDA:53,8,0,0
BRDA:53,8,1,0
BRDA:56,9,0,0
BRDA:56,9,1,0
BRDA:145,10,0,0
BRDA:145,10,1,0
BRDA:159,11,0,0
BRDA:159,11,1,0
BRDA:159,12,0,0
BRDA:159,12,1,0
BRDA:160,13,0,0
BRDA:160,13,1,0
BRDA:172,14,0,0
BRDA:172,14,1,0
BRDA:189,15,0,0
BRDA:189,15,1,0
BRDA:189,16,0,0
BRDA:189,16,1,0
BRDA:196,17,0,0
BRDA:196,17,1,0
BRDA:232,18,0,0
BRDA:232,18,1,0
BRDA:232,19,0,0
BRDA:232,19,1,0
BRDA:241,20,0,0
BRDA:241,20,1,0
BRDA:241,21,0,0
BRDA:241,21,1,0
BRDA:251,22,0,0
BRDA:251,22,1,0
BRDA:253,23,0,0
BRDA:253,23,1,0
BRDA:253,24,0,0
BRDA:253,24,1,0
BRDA:261,25,0,0
BRDA:261,25,1,0
BRDA:276,26,0,0
BRDA:276,26,1,0
BRDA:278,27,0,0
BRDA:278,27,1,0
BRDA:278,28,0,0
BRDA:278,28,1,0
BRDA:286,29,0,0
BRDA:286,29,1,0
BRDA:305,30,0,0
BRDA:305,30,1,0
BRDA:305,31,0,0
BRDA:305,31,1,0
BRDA:319,32,0,0
BRDA:319,32,1,0
BRDA:333,33,0,0
BRDA:333,33,1,0
BRDA:350,34,0,0
BRDA:350,34,1,0
BRDA:350,35,0,0
BRDA:350,35,1,0
BRDA:364,36,0,0
BRDA:364,36,1,0
BRDA:364,37,0,0
BRDA:364,37,1,0
BRDA:378,38,0,0
BRDA:378,38,1,0
BRDA:378,39,0,0
BRDA:378,39,1,0
BRF:80
BRH:0
end_of_record
TN:
SF:src\js\i18n.js
FN:107,(anonymous_0)
FN:123,(anonymous_1)
FN:128,(anonymous_2)
FN:136,(anonymous_3)
FN:147,(anonymous_4)
FN:149,(anonymous_5)
FN:170,(anonymous_6)
FN:176,(anonymous_7)
FNF:8
FNH:0
FNDA:0,(anonymous_0)
FNDA:0,(anonymous_1)
FNDA:0,(anonymous_2)
FNDA:0,(anonymous_3)
FNDA:0,(anonymous_4)
FNDA:0,(anonymous_5)
FNDA:0,(anonymous_6)
FNDA:0,(anonymous_7)
DA:2,0
DA:109,0
DA:110,0
DA:111,0
DA:115,0
DA:118,0
DA:121,0
DA:122,0
DA:123,0
DA:129,0
DA:130,0
DA:131,0
DA:132,0
DA:137,0
DA:138,0
DA:139,0
DA:140,0
DA:141,0
DA:148,0
DA:149,0
DA:150,0
DA:151,0
DA:152,0
DA:154,0
DA:155,0
DA:157,0
DA:163,0
DA:166,0
DA:171,0
DA:172,0
DA:177,0
DA:182,0
DA:183,0
LF:33
LH:0
BRDA:110,0,0,0
BRDA:110,0,1,0
BRDA:110,1,0,0
BRDA:110,1,1,0
BRDA:122,2,0,0
BRDA:122,2,1,0
BRDA:129,3,0,0
BRDA:129,3,1,0
BRDA:138,4,0,0
BRDA:138,4,1,0
BRDA:140,5,0,0
BRDA:140,5,1,0
BRDA:141,6,0,0
BRDA:141,6,1,0
BRDA:152,7,0,0
BRDA:152,7,1,0
BRDA:152,8,0,0
BRDA:152,8,1,0
BRDA:154,9,0,0
BRDA:154,9,1,0
BRDA:154,10,0,0
BRDA:154,10,1,0
BRDA:166,11,0,0
BRDA:166,11,1,0
BRDA:171,12,0,0
BRDA:171,12,1,0
BRDA:172,13,0,0
BRDA:172,13,1,0
BRDA:182,14,0,0
BRDA:182,14,1,0
BRDA:182,15,0,0
BRDA:182,15,1,0
BRF:32
BRH:0
end_of_record
TN:
SF:src\js\recorder.js
FN:23,startRecording
FN:41,(anonymous_1)
FN:73,(anonymous_2)
FN:112,(anonymous_3)
FN:117,(anonymous_4)
FN:149,(anonymous_5)
FN:156,(anonymous_6)
FN:164,(anonymous_7)
FN:188,combineAudioStreams
FN:205,stopAllStreams
FN:210,(anonymous_10)
FN:219,(anonymous_11)
FN:228,(anonymous_12)
FN:238,pauseRecording
FN:247,resumeRecording
FN:256,stopRecording
FN:257,(anonymous_16)
FN:261,(anonymous_17)
FN:278,getRecordingState
FN:286,getRecordingDuration
FN:299,formatDuration
FN:308,startTimer
FN:309,(anonymous_22)
FN:315,stopTimer
FN:322,updateRecordingTime
FN:329,getAudioBlob
FN:334,initWaveform
FN:353,drawWaveform
FN:364,update
FN:411,stopWaveform
FN:426,(anonymous_30)
FNF:31
FNH:0
FNDA:0,startRecording
FNDA:0,(anonymous_1)
FNDA:0,(anonymous_2)
FNDA:0,(anonymous_3)
FNDA:0,(anonymous_4)
FNDA:0,(anonymous_5)
FNDA:0,(anonymous_6)
FNDA:0,(anonymous_7)
FNDA:0,combineAudioStreams
FNDA:0,stopAllStreams
FNDA:0,(anonymous_10)
FNDA:0,(anonymous_11)
FNDA:0,(anonymous_12)
FNDA:0,pauseRecording
FNDA:0,resumeRecording
FNDA:0,stopRecording
FNDA:0,(anonymous_16)
FNDA:0,(anonymous_17)
FNDA:0,getRecordingState
FNDA:0,getRecordingDuration
FNDA:0,formatDuration
FNDA:0,startTimer
FNDA:0,(anonymous_22)
FNDA:0,stopTimer
FNDA:0,updateRecordingTime
FNDA:0,getAudioBlob
FNDA:0,initWaveform
FNDA:0,drawWaveform
FNDA:0,update
FNDA:0,stopWaveform
FNDA:0,(anonymous_30)
DA:1,0
DA:2,0
DA:3,0
DA:4,0
DA:5,0
DA:6,0
DA:7,0
DA:8,0
DA:9,0
DA:12,0
DA:13,0
DA:14,0
DA:15,0
DA:16,0
DA:19,0
DA:20,0
DA:21,0
DA:24,0
DA:25,0
DA:27,0
DA:28,0
DA:31,0
DA:32,0
DA:39,0
DA:40,0
DA:41,0
DA:42,0
DA:51,0
DA:54,0
DA:56,0
DA:58,0
DA:59,0
DA:61,0
DA:62,0
DA:65,0
DA:66,0
DA:68,0
DA:69,0
DA:73,0
DA:74,0
DA:77,0
DA:92,0
DA:95,0
DA:96,0
DA:98,0
DA:107,0
DA:109,0
DA:110,0
DA:111,0
DA:112,0
DA:113,0
DA:117,0
DA:120,0
DA:121,0
DA:124,0
DA:125,0
DA:128,0
DA:134,0
DA:139,0
DA:140,0
DA:142,0
DA:145,0
DA:147,0
DA:149,0
DA:150,0
DA:151,0
DA:152,0
DA:156,0
DA:157,0
DA:158,0
DA:159,0
DA:160,0
DA:161,0
DA:164,0
DA:165,0
DA:168,0
DA:169,0
DA:171,0
DA:172,0
DA:173,0
DA:174,0
DA:175,0
DA:177,0
DA:178,0
DA:180,0
DA:182,0
DA:183,0
DA:184,0
DA:189,0
DA:190,0
DA:192,0
DA:193,0
DA:195,0
DA:196,0
DA:198,0
DA:199,0
DA:200,0
DA:202,0
DA:206,0
DA:208,0
DA:209,0
DA:210,0
DA:211,0
DA:212,0
DA:214,0
DA:217,0
DA:218,0
DA:219,0
DA:220,0
DA:221,0
DA:223,0
DA:226,0
DA:227,0
DA:228,0
DA:229,0
DA:230,0
DA:232,0
DA:235,0
DA:239,0
DA:240,0
DA:241,0
DA:242,0
DA:243,0
DA:248,0
DA:249,0
DA:250,0
DA:251,0
DA:252,0
DA:257,0
DA:258,0
DA:259,0
DA:261,0
DA:262,0
DA:263,0
DA:265,0
DA:268,0
DA:269,0
DA:270,0
DA:271,0
DA:273,0
DA:279,0
DA:287,0
DA:290,0
DA:291,0
DA:293,0
DA:296,0
DA:300,0
DA:301,0
DA:302,0
DA:303,0
DA:305,0
DA:309,0
DA:310,0
DA:311,0
DA:316,0
DA:317,0
DA:318,0
DA:323,0
DA:324,0
DA:325,0
DA:330,0
DA:335,0
DA:336,0
DA:337,0
DA:338,0
DA:340,0
DA:341,0
DA:343,0
DA:344,0
DA:346,0
DA:348,0
DA:354,0
DA:355,0
DA:357,0
DA:358,0
DA:361,0
DA:362,0
DA:365,0
DA:367,0
DA:369,0
DA:372,0
DA:373,0
DA:374,0
DA:376,0
DA:378,0
DA:379,0
DA:380,0
DA:381,0
DA:383,0
DA:384,0
DA:387,0
DA:390,0
DA:393,0
DA:396,0
DA:399,0
DA:402,0
DA:403,0
DA:407,0
DA:412,0
DA:413,0
DA:414,0
DA:417,0
DA:418,0
DA:419,0
DA:423,0
DA:424,0
DA:425,0
DA:426,0
DA:427,0
DA:428,0
LF:210
LH:0
BRDA:27,0,0,0
BRDA:27,0,1,0
BRDA:56,1,0,0
BRDA:56,1,1,0
BRDA:56,2,0,0
BRDA:56,2,1,0
BRDA:61,3,0,0
BRDA:61,3,1,0
BRDA:68,4,0,0
BRDA:68,4,1,0
BRDA:73,5,0,0
BRDA:73,5,1,0
BRDA:110,6,0,0
BRDA:110,6,1,0
BRDA:151,7,0,0
BRDA:151,7,1,0
BRDA:208,8,0,0
BRDA:208,8,1,0
BRDA:217,9,0,0
BRDA:217,9,1,0
BRDA:226,10,0,0
BRDA:226,10,1,0
BRDA:239,11,0,0
BRDA:239,11,1,0
BRDA:239,12,0,0
BRDA:239,12,1,0
BRDA:239,12,2,0
BRDA:248,13,0,0
BRDA:248,13,1,0
BRDA:248,14,0,0
BRDA:248,14,1,0
BRDA:248,14,2,0
BRDA:258,15,0,0
BRDA:258,15,1,0
BRDA:258,16,0,0
BRDA:258,16,1,0
BRDA:262,17,0,0
BRDA:262,17,1,0
BRDA:287,18,0,0
BRDA:287,18,1,0
BRDA:290,19,0,0
BRDA:290,19,1,0
BRDA:316,20,0,0
BRDA:316,20,1,0
BRDA:324,21,0,0
BRDA:324,21,1,0
BRDA:336,22,0,0
BRDA:336,22,1,0
BRDA:355,23,0,0
BRDA:355,23,1,0
BRDA:358,24,0,0
BRDA:358,24,1,0
BRDA:365,25,0,0
BRDA:365,25,1,0
BRDA:365,26,0,0
BRDA:365,26,1,0
BRDA:387,27,0,0
BRDA:387,27,1,0
BRDA:412,28,0,0
BRDA:412,28,1,0
BRDA:417,29,0,0
BRDA:417,29,1,0
BRDA:424,30,0,0
BRDA:424,30,1,0
BRF:64
BRH:0
end_of_record
TN:
SF:src\js\storage.js
FN:9,(anonymous_0)
FN:14,generateAudioFilename
FN:22,saveAudioFile
FN:38,getAudioFile
FN:53,deleteAudioFile
FN:62,exportAudioFile
FN:71,getAudioDirectory
FN:80,saveConfigToFile
FN:89,loadConfigFromFile
FN:97,initDB
FN:98,(anonymous_10)
FN:101,(anonymous_11)
FN:105,(anonymous_12)
FN:110,(anonymous_13)
FN:123,saveMeeting
FN:124,(anonymous_15)
FN:142,(anonymous_16)
FN:146,(anonymous_17)
FN:155,getMeeting
FN:156,(anonymous_19)
FN:161,(anonymous_20)
FN:165,(anonymous_21)
FN:171,getAllMeetings
FN:172,(anonymous_23)
FN:177,(anonymous_24)
FN:181,(anonymous_25)
FN:187,deleteMeeting
FN:188,(anonymous_27)
FN:193,(anonymous_28)
FN:197,(anonymous_29)
FN:203,saveSettings
FN:204,(anonymous_31)
FN:209,(anonymous_32)
FN:213,(anonymous_33)
FN:219,getSettings
FN:220,(anonymous_35)
FN:230,(anonymous_36)
FN:234,(anonymous_37)
FNF:38
FNH:0
FNDA:0,(anonymous_0)
FNDA:0,generateAudioFilename
FNDA:0,saveAudioFile
FNDA:0,getAudioFile
FNDA:0,deleteAudioFile
FNDA:0,exportAudioFile
FNDA:0,getAudioDirectory
FNDA:0,saveConfigToFile
FNDA:0,loadConfigFromFile
FNDA:0,initDB
FNDA:0,(anonymous_10)
FNDA:0,(anonymous_11)
FNDA:0,(anonymous_12)
FNDA:0,(anonymous_13)
FNDA:0,saveMeeting
FNDA:0,(anonymous_15)
FNDA:0,(anonymous_16)
FNDA:0,(anonymous_17)
FNDA:0,getMeeting
FNDA:0,(anonymous_19)
FNDA:0,(anonymous_20)
FNDA:0,(anonymous_21)
FNDA:0,getAllMeetings
FNDA:0,(anonymous_23)
FNDA:0,(anonymous_24)
FNDA:0,(anonymous_25)
FNDA:0,deleteMeeting
FNDA:0,(anonymous_27)
FNDA:0,(anonymous_28)
FNDA:0,(anonymous_29)
FNDA:0,saveSettings
FNDA:0,(anonymous_31)
FNDA:0,(anonymous_32)
FNDA:0,(anonymous_33)
FNDA:0,getSettings
FNDA:0,(anonymous_35)
FNDA:0,(anonymous_36)
FNDA:0,(anonymous_37)
DA:1,0
DA:2,0
DA:3,0
DA:4,0
DA:6,0
DA:9,0
DA:10,0
DA:15,0
DA:16,0
DA:17,0
DA:18,0
DA:23,0
DA:24,0
DA:27,0
DA:30,0
DA:31,0
DA:32,0
DA:34,0
DA:39,0
DA:40,0
DA:43,0
DA:44,0
DA:46,0
DA:47,0
DA:49,0
DA:54,0
DA:55,0
DA:58,0
DA:63,0
DA:64,0
DA:67,0
DA:72,0
DA:73,0
DA:76,0
DA:81,0
DA:82,0
DA:85,0
DA:90,0
DA:91,0
DA:94,0
DA:98,0
DA:99,0
DA:101,0
DA:102,0
DA:105,0
DA:106,0
DA:107,0
DA:110,0
DA:111,0
DA:112,0
DA:113,0
DA:114,0
DA:116,0
DA:117,0
DA:124,0
DA:125,0
DA:127,0
DA:128,0
DA:129,0
DA:131,0
DA:132,0
DA:134,0
DA:138,0
DA:139,0
DA:140,0
DA:142,0
DA:143,0
DA:146,0
DA:147,0
DA:150,0
DA:156,0
DA:157,0
DA:158,0
DA:159,0
DA:161,0
DA:162,0
DA:165,0
DA:166,0
DA:172,0
DA:173,0
DA:174,0
DA:175,0
DA:177,0
DA:178,0
DA:181,0
DA:182,0
DA:188,0
DA:189,0
DA:190,0
DA:191,0
DA:193,0
DA:194,0
DA:197,0
DA:198,0
DA:204,0
DA:205,0
DA:206,0
DA:207,0
DA:209,0
DA:210,0
DA:213,0
DA:214,0
DA:220,0
DA:221,0
DA:222,0
DA:223,0
DA:226,0
DA:227,0
DA:228,0
DA:230,0
DA:231,0
DA:234,0
DA:235,0
LF:113
LH:0
BRDA:10,0,0,0
BRDA:10,0,1,0
BRDA:23,1,0,0
BRDA:23,1,1,0
BRDA:39,2,0,0
BRDA:39,2,1,0
BRDA:44,3,0,0
BRDA:44,3,1,0
BRDA:54,4,0,0
BRDA:54,4,1,0
BRDA:63,5,0,0
BRDA:63,5,1,0
BRDA:72,6,0,0
BRDA:72,6,1,0
BRDA:81,7,0,0
BRDA:81,7,1,0
BRDA:90,8,0,0
BRDA:90,8,1,0
BRDA:112,9,0,0
BRDA:112,9,1,0
BRDA:116,10,0,0
BRDA:116,10,1,0
BRDA:127,11,0,0
BRDA:127,11,1,0
BRDA:127,12,0,0
BRDA:127,12,1,0
BRDA:127,12,2,0
BRDA:129,13,0,0
BRDA:129,13,1,0
BRDA:221,14,0,0
BRDA:221,14,1,0
BRDA:231,15,0,0
BRDA:231,15,1,0
BRF:33
BRH:0
end_of_record
TN:
SF:src\js\ui.js
FN:1,showToast
FN:13,(anonymous_1)
FN:31,switchView
FN:33,(anonymous_3)
FN:46,(anonymous_4)
FN:61,initNavigation
FN:64,(anonymous_6)
FN:65,(anonymous_7)
FN:75,showSection
FN:89,updateSubtitleContent
FN:112,escapeHtml
FN:118,updateSummaryContent
FN:143,copyToClipboard
FN:144,(anonymous_13)
FN:146,(anonymous_14)
FN:152,renderHistoryList
FN:175,(anonymous_16)
FN:203,formatDate
FN:213,renderMeetingDetail
FN:329,(anonymous_19)
FN:335,exportMeetingAudio
FN:354,updateRecordingButtons
FN:384,showLoading
FN:404,hideLoading
FN:407,loadSettings
FN:427,getSettingsFromUI
FN:459,loadDefaultTemplate
FNF:27
FNH:0
FNDA:0,showToast
FNDA:0,(anonymous_1)
FNDA:0,switchView
FNDA:0,(anonymous_3)
FNDA:0,(anonymous_4)
FNDA:0,initNavigation
FNDA:0,(anonymous_6)
FNDA:0,(anonymous_7)
FNDA:0,showSection
FNDA:0,updateSubtitleContent
FNDA:0,escapeHtml
FNDA:0,updateSummaryContent
FNDA:0,copyToClipboard
FNDA:0,(anonymous_13)
FNDA:0,(anonymous_14)
FNDA:0,renderHistoryList
FNDA:0,(anonymous_16)
FNDA:0,formatDate
FNDA:0,renderMeetingDetail
FNDA:0,(anonymous_19)
FNDA:0,exportMeetingAudio
FNDA:0,updateRecordingButtons
FNDA:0,showLoading
FNDA:0,hideLoading
FNDA:0,loadSettings
FNDA:0,getSettingsFromUI
FNDA:0,loadDefaultTemplate
DA:2,0
DA:4,0
DA:10,0
DA:11,0
DA:13,0
DA:14,0
DA:22,0
DA:28,0
DA:33,0
DA:34,0
DA:35,0
DA:40,0
DA:41,0
DA:45,0
DA:46,0
DA:47,0
DA:48,0
DA:49,0
DA:55,0
DA:56,0
DA:62,0
DA:64,0
DA:65,0
DA:66,0
DA:67,0
DA:68,0
DA:77,0
DA:83,0
DA:84,0
DA:85,0
DA:90,0
DA:91,0
DA:92,0
DA:93,0
DA:95,0
DA:96,0
DA:113,0
DA:114,0
DA:115,0
DA:119,0
DA:120,0
DA:121,0
DA:122,0
DA:124,0
DA:125,0
DA:144,0
DA:145,0
DA:147,0
DA:148,0
DA:153,0
DA:154,0
DA:156,0
DA:157,0
DA:158,0
DA:169,0
DA:172,0
DA:173,0
DA:175,0
DA:204,0
DA:205,0
DA:206,0
DA:207,0
DA:208,0
DA:209,0
DA:210,0
DA:214,0
DA:215,0
DA:218,0
DA:219,0
DA:221,0
DA:223,0
DA:224,0
DA:225,0
DA:227,0
DA:228,0
DA:229,0
DA:230,0
DA:231,0
DA:234,0
DA:238,0
DA:240,0
DA:326,0
DA:327,0
DA:328,0
DA:329,0
DA:336,0
DA:337,0
DA:338,0
DA:339,0
DA:342,0
DA:343,0
DA:344,0
DA:346,0
DA:349,0
DA:350,0
DA:355,0
DA:356,0
DA:357,0
DA:358,0
DA:359,0
DA:360,0
DA:362,0
DA:363,0
DA:364,0
DA:365,0
DA:366,0
DA:367,0
DA:368,0
DA:370,0
DA:371,0
DA:372,0
DA:373,0
DA:376,0
DA:377,0
DA:378,0
DA:379,0
DA:380,0
DA:385,0
DA:386,0
DA:388,0
DA:395,0
DA:396,0
DA:399,0
DA:400,0
DA:408,0
DA:410,0
DA:411,0
DA:412,0
DA:413,0
DA:414,0
DA:415,0
DA:416,0
DA:418,0
DA:419,0
DA:420,0
DA:421,0
DA:422,0
DA:423,0
DA:424,0
DA:428,0
DA:439,0
DA:460,0
DA:461,0
DA:462,0
LF:144
LH:0
BRDA:1,0,0,0
BRDA:34,1,0,0
BRDA:34,1,1,0
BRDA:40,2,0,0
BRDA:40,2,1,0
BRDA:45,3,0,0
BRDA:45,3,1,0
BRDA:48,4,0,0
BRDA:48,4,1,0
BRDA:55,5,0,0
BRDA:55,5,1,0
BRDA:55,6,0,0
BRDA:55,6,1,0
BRDA:67,7,0,0
BRDA:67,7,1,0
BRDA:84,8,0,0
BRDA:84,8,1,0
BRDA:91,9,0,0
BRDA:91,9,1,0
BRDA:92,10,0,0
BRDA:92,10,1,0
BRDA:92,11,0,0
BRDA:92,11,1,0
BRDA:95,12,0,0
BRDA:95,12,1,0
BRDA:120,13,0,0
BRDA:120,13,1,0
BRDA:121,14,0,0
BRDA:121,14,1,0
BRDA:121,15,0,0
BRDA:121,15,1,0
BRDA:124,16,0,0
BRDA:124,16,1,0
BRDA:145,17,0,0
BRDA:145,17,1,0
BRDA:147,18,0,0
BRDA:147,18,1,0
BRDA:154,19,0,0
BRDA:154,19,1,0
BRDA:156,20,0,0
BRDA:156,20,1,0
BRDA:157,21,0,0
BRDA:157,21,1,0
BRDA:172,22,0,0
BRDA:172,22,1,0
BRDA:173,23,0,0
BRDA:173,23,1,0
BRDA:215,24,0,0
BRDA:215,24,1,0
BRDA:221,25,0,0
BRDA:221,25,1,0
BRDA:221,26,0,0
BRDA:221,26,1,0
BRDA:225,27,0,0
BRDA:225,27,1,0
BRDA:225,28,0,0
BRDA:225,28,1,0
BRDA:225,28,2,0
BRDA:229,29,0,0
BRDA:229,29,1,0
BRDA:229,30,0,0
BRDA:229,30,1,0
BRDA:238,31,0,0
BRDA:238,31,1,0
BRDA:269,32,0,0
BRDA:269,32,1,0
BRDA:276,33,0,0
BRDA:276,33,1,0
BRDA:276,34,0,0
BRDA:276,34,1,0
BRDA:296,35,0,0
BRDA:296,35,1,0
BRDA:314,36,0,0
BRDA:314,36,1,0
BRDA:326,37,0,0
BRDA:326,37,1,0
BRDA:326,38,0,0
BRDA:326,38,1,0
BRDA:328,39,0,0
BRDA:328,39,1,0
BRDA:337,40,0,0
BRDA:337,40,1,0
BRDA:343,41,0,0
BRDA:343,41,1,0
BRDA:362,42,0,0
BRDA:362,42,1,0
BRDA:364,43,0,0
BRDA:364,43,1,0
BRDA:395,44,0,0
BRDA:395,44,1,0
BRDA:399,45,0,0
BRDA:399,45,1,0
BRDA:408,46,0,0
BRDA:408,46,1,0
BRDA:418,47,0,0
BRDA:418,47,1,0
BRDA:418,48,0,0
BRDA:418,48,1,0
BRDA:419,49,0,0
BRDA:419,49,1,0
BRDA:419,50,0,0
BRDA:419,50,1,0
BRDA:420,51,0,0
BRDA:420,51,1,0
BRDA:420,52,0,0
BRDA:420,52,1,0
BRDA:421,53,0,0
BRDA:421,53,1,0
BRDA:421,54,0,0
BRDA:421,54,1,0
BRDA:422,55,0,0
BRDA:422,55,1,0
BRDA:422,56,0,0
BRDA:422,56,1,0
BRDA:423,57,0,0
BRDA:423,57,1,0
BRDA:423,58,0,0
BRDA:423,58,1,0
BRDA:424,59,0,0
BRDA:424,59,1,0
BRDA:424,60,0,0
BRDA:424,60,1,0
BRDA:461,61,0,0
BRDA:461,61,1,0
BRDA:461,62,0,0
BRDA:461,62,1,0
BRF:126
BRH:0
end_of_record
